架构/code/MovieApp/app/build/intermediates/manifest_merge_blame_file/debug/manifest-merger-blame-debug-report.txt
1<?xml version="1.0" encoding="utf-8"?>
2<manifest xmlns:android="http://schemas.android.com/apk/res/android"
3    package="com.raywenderlich.android.movieapp"
4    android:versionCode="1"
5    android:versionName="1.0" >
6
7    <uses-sdk
8        android:minSdkVersion="21"
8-->src/main/AndroidManifest.xml
9        android:targetSdkVersion="29" />
9-->src/main/AndroidManifest.xml
10
11    <uses-permission android:name="android.permission.INTERNET" />
11-->src/main/AndroidManifest.xml:34:5-67
11-->src/main/AndroidManifest.xml:34:22-64
12    <uses-permission android:name="android.permission.ACCESS_NETWORK_STATE" />
12-->src/main/AndroidManifest.xml:36:5-79
12-->src/main/AndroidManifest.xml:36:22-76
13
14    <application
14-->src/main/AndroidManifest.xml:6:5-32:19
15        android:name="com.raywenderlich.android.movieapp.MovieApplication"
15-->src/main/AndroidManifest.xml:7:9-41
16        android:allowBackup="false"
16-->src/main/AndroidManifest.xml:8:9-36
17        android:appComponentFactory="androidx.core.app.CoreComponentFactory"
17-->[androidx.core:core:1.3.0] AndroidManifest.xml:24:18-86
18        android:debuggable="true"
19        android:icon="@mipmap/ic_launcher"
19-->src/main/AndroidManifest.xml:9:9-43
20        android:label="@string/app_name"
20-->src/main/AndroidManifest.xml:10:9-41
21        android:networkSecurityConfig="@xml/network_security_config"
21-->src/main/AndroidManifest.xml:15:9-69
22        android:roundIcon="@mipmap/ic_launcher_round"
22-->src/main/AndroidManifest.xml:11:9-54
23        android:supportsRtl="true"
23-->src/main/AndroidManifest.xml:12:9-35
24        android:testOnly="true"
25        android:theme="@style/AppTheme"
25-->src/main/AndroidManifest.xml:13:9-40
26        android:usesCleartextTraffic="true" >
26-->src/main/AndroidManifest.xml:14:9-44
27
28        <!-- Main Activity -->
29        <activity
29-->src/main/AndroidManifest.xml:20:9-28:20
30            android:name="com.raywenderlich.android.movieapp.ui.MainActivity"
30-->src/main/AndroidManifest.xml:21:13-44
31            android:theme="@style/SplashTheme" >
31-->src/main/AndroidManifest.xml:22:13-47
32            <intent-filter>
32-->src/main/AndroidManifest.xml:23:13-27:29
33                <action android:name="android.intent.action.MAIN" />
33-->src/main/AndroidManifest.xml:24:17-69
33-->src/main/AndroidManifest.xml:24:25-66
34
35                <category android:name="android.intent.category.LAUNCHER" />
35-->src/main/AndroidManifest.xml:26:17-77
35-->src/main/AndroidManifest.xml:26:27-74
36            </intent-filter>
37        </activity>
38        <activity
38-->src/main/AndroidManifest.xml:29:9-31:76
39            android:name="com.raywenderlich.android.movieapp.ui.about.AboutDialogActivity"
39-->src/main/AndroidManifest.xml:30:13-57
40            android:theme="@style/Theme.AppCompat.DayNight.Dialog.Alert" />
40-->src/main/AndroidManifest.xml:31:13-73
41    </application>
42
43</manifest>